2020-07-06T14:10:18+00:00 CRITICAL Uncaught Error: Call to a member function isGroup() on null in F:\dev\sma-muhammadiyah-wp\wp-content\plugins\smart-slider-3\Nextend\SmartSlider3\Application\Frontend\Slider\ViewIframe.php:39
Stack trace:
#0 F:\dev\sma-muhammadiyah-wp\wp-content\plugins\smart-slider-3\Nextend\SmartSlider3\Application\Frontend\Slider\ControllerPreRenderSlider.php(32): Nextend\SmartSlider3\Application\Frontend\Slider\ViewIframe->display()
#1 [internal function]: Nextend\SmartSlider3\Application\Frontend\Slider\ControllerPreRenderSlider->actionIframe()
#2 F:\dev\sma-muhammadiyah-wp\wp-content\plugins\smart-slider-3\Nextend\Framework\Controller\AbstractController.php(95): call_user_func_array(Array, Array)
#3 F:\dev\sma-muhammadiyah-wp\wp-content\plugins\smart-slider-3\Nextend\Framework\Application\AbstractApplicationType.php(88): Nextend\Framework\Controller\AbstractController->doAction('iframe', Array)
#4 F:\dev\sma-muhammadiyah-wp\wp-content\plugins\smart-slider-3\Nextend\SmartSlider3\Platform\WordPress\WordPressFrontend.php(30 in F:\dev\sma-muhammadiyah-wp\wp-content\plugins\smart-slider-3\Nextend\SmartSlider3\Application\Frontend\Slider\ViewIframe.php on line 39

2020-07-06T14:35:42+00:00 CRITICAL Uncaught Error: Call to a member function isGroup() on null in F:\dev\sma-muhammadiyah-wp\wp-content\plugins\smart-slider-3\Nextend\SmartSlider3\Application\Frontend\Slider\ViewIframe.php:39
Stack trace:
#0 F:\dev\sma-muhammadiyah-wp\wp-content\plugins\smart-slider-3\Nextend\SmartSlider3\Application\Frontend\Slider\ControllerPreRenderSlider.php(32): Nextend\SmartSlider3\Application\Frontend\Slider\ViewIframe->display()
#1 [internal function]: Nextend\SmartSlider3\Application\Frontend\Slider\ControllerPreRenderSlider->actionIframe()
#2 F:\dev\sma-muhammadiyah-wp\wp-content\plugins\smart-slider-3\Nextend\Framework\Controller\AbstractController.php(95): call_user_func_array(Array, Array)
#3 F:\dev\sma-muhammadiyah-wp\wp-content\plugins\smart-slider-3\Nextend\Framework\Application\AbstractApplicationType.php(88): Nextend\Framework\Controller\AbstractController->doAction('iframe', Array)
#4 F:\dev\sma-muhammadiyah-wp\wp-content\plugins\smart-slider-3\Nextend\SmartSlider3\Platform\WordPress\WordPressFrontend.php(30 in F:\dev\sma-muhammadiyah-wp\wp-content\plugins\smart-slider-3\Nextend\SmartSlider3\Application\Frontend\Slider\ViewIframe.php on line 39

2020-07-06T14:36:36+00:00 CRITICAL Uncaught Error: Call to a member function isGroup() on null in F:\dev\sma-muhammadiyah-wp\wp-content\plugins\smart-slider-3\Nextend\SmartSlider3\Application\Frontend\Slider\ViewIframe.php:39
Stack trace:
#0 F:\dev\sma-muhammadiyah-wp\wp-content\plugins\smart-slider-3\Nextend\SmartSlider3\Application\Frontend\Slider\ControllerPreRenderSlider.php(32): Nextend\SmartSlider3\Application\Frontend\Slider\ViewIframe->display()
#1 [internal function]: Nextend\SmartSlider3\Application\Frontend\Slider\ControllerPreRenderSlider->actionIframe()
#2 F:\dev\sma-muhammadiyah-wp\wp-content\plugins\smart-slider-3\Nextend\Framework\Controller\AbstractController.php(95): call_user_func_array(Array, Array)
#3 F:\dev\sma-muhammadiyah-wp\wp-content\plugins\smart-slider-3\Nextend\Framework\Application\AbstractApplicationType.php(88): Nextend\Framework\Controller\AbstractController->doAction('iframe', Array)
#4 F:\dev\sma-muhammadiyah-wp\wp-content\plugins\smart-slider-3\Nextend\SmartSlider3\Platform\WordPress\WordPressFrontend.php(30 in F:\dev\sma-muhammadiyah-wp\wp-content\plugins\smart-slider-3\Nextend\SmartSlider3\Application\Frontend\Slider\ViewIframe.php on line 39

2020-07-06T14:36:40+00:00 CRITICAL Uncaught Error: Call to a member function isGroup() on null in F:\dev\sma-muhammadiyah-wp\wp-content\plugins\smart-slider-3\Nextend\SmartSlider3\Application\Frontend\Slider\ViewIframe.php:39
Stack trace:
#0 F:\dev\sma-muhammadiyah-wp\wp-content\plugins\smart-slider-3\Nextend\SmartSlider3\Application\Frontend\Slider\ControllerPreRenderSlider.php(32): Nextend\SmartSlider3\Application\Frontend\Slider\ViewIframe->display()
#1 [internal function]: Nextend\SmartSlider3\Application\Frontend\Slider\ControllerPreRenderSlider->actionIframe()
#2 F:\dev\sma-muhammadiyah-wp\wp-content\plugins\smart-slider-3\Nextend\Framework\Controller\AbstractController.php(95): call_user_func_array(Array, Array)
#3 F:\dev\sma-muhammadiyah-wp\wp-content\plugins\smart-slider-3\Nextend\Framework\Application\AbstractApplicationType.php(88): Nextend\Framework\Controller\AbstractController->doAction('iframe', Array)
#4 F:\dev\sma-muhammadiyah-wp\wp-content\plugins\smart-slider-3\Nextend\SmartSlider3\Platform\WordPress\WordPressFrontend.php(30 in F:\dev\sma-muhammadiyah-wp\wp-content\plugins\smart-slider-3\Nextend\SmartSlider3\Application\Frontend\Slider\ViewIframe.php on line 39

